{
  "stats": {
    "suites": 2,
    "tests": 2,
    "passes": 2,
    "pending": 0,
    "failures": 0,
    "start": "2017-10-13T08:06:53.976Z",
    "end": "2017-10-13T08:06:56.614Z",
    "duration": 2638,
    "testsRegistered": 2,
    "passPercent": 100,
    "pendingPercent": 0,
    "other": 0,
    "hasOther": false,
    "skipped": 0,
    "hasSkipped": false,
    "passPercentClass": "success",
    "pendingPercentClass": "danger"
  },
  "suites": {
    "title": "",
    "suites": [
      {
        "title": "This is a test demo",
        "suites": [],
        "tests": [
          {
            "title": "Should get a response",
            "fullTitle": "This is a test demo Should get a response",
            "timedOut": false,
            "duration": 627,
            "state": "passed",
            "speed": "slow",
            "pass": true,
            "fail": false,
            "pending": false,
            "code": "request\n    .get('/postcodes/' + \"SW1A 1AA\")\n    .end(function(err, res){\n        expect(res.status).to.equal(200);\n        expect(res.body.result.postcode).to.equal(\"SW1A 1AA\");\n        done();\n    });",
            "err": {},
            "isRoot": false,
            "uuid": "10711a8d-da56-4e45-acdc-eb5b0e93f696",
            "parentUUID": "37267a9b-9c12-42d0-b4d6-01745ebcb8f8",
            "isHook": false,
            "skipped": false
          }
        ],
        "pending": [],
        "root": false,
        "_timeout": 2000,
        "file": "/test/test_demo.js",
        "uuid": "37267a9b-9c12-42d0-b4d6-01745ebcb8f8",
        "beforeHooks": [],
        "afterHooks": [],
        "fullFile": "/Users/twer/Documents/Work/Peacock/api-testing/test/test_demo.js",
        "passes": [
          {
            "title": "Should get a response",
            "fullTitle": "This is a test demo Should get a response",
            "timedOut": false,
            "duration": 627,
            "state": "passed",
            "speed": "slow",
            "pass": true,
            "fail": false,
            "pending": false,
            "code": "request\n    .get('/postcodes/' + \"SW1A 1AA\")\n    .end(function(err, res){\n        expect(res.status).to.equal(200);\n        expect(res.body.result.postcode).to.equal(\"SW1A 1AA\");\n        done();\n    });",
            "err": {},
            "isRoot": false,
            "uuid": "10711a8d-da56-4e45-acdc-eb5b0e93f696",
            "parentUUID": "37267a9b-9c12-42d0-b4d6-01745ebcb8f8",
            "isHook": false,
            "skipped": false
          }
        ],
        "failures": [],
        "skipped": [],
        "hasBeforeHooks": false,
        "hasAfterHooks": false,
        "hasTests": true,
        "hasSuites": false,
        "totalTests": 1,
        "totalPasses": 1,
        "totalFailures": 0,
        "totalPending": 0,
        "totalSkipped": 0,
        "hasPasses": true,
        "hasFailures": false,
        "hasPending": false,
        "hasSkipped": false,
        "duration": 627,
        "rootEmpty": false
      },
      {
        "title": "Test Demo.",
        "suites": [],
        "tests": [
          {
            "title": "Visit https://github.com/lemon123456/Mobile-Test-Appium-Cucumber-Ruby",
            "fullTitle": "Test Demo. Visit https://github.com/lemon123456/Mobile-Test-Appium-Cucumber-Ruby",
            "timedOut": false,
            "duration": 2005,
            "state": "passed",
            "speed": "slow",
            "pass": true,
            "fail": false,
            "pending": false,
            "code": "request\n    .get('')\n    .expect(200)\n    .end(done);",
            "err": {},
            "isRoot": false,
            "uuid": "24959a5a-be81-4abe-8936-b1a3c74e21a3",
            "parentUUID": "37398fa8-0e26-4840-81b2-633fa86d242c",
            "isHook": false,
            "skipped": false
          }
        ],
        "pending": [],
        "root": false,
        "_timeout": 10000,
        "file": "/test/test_env.js",
        "uuid": "37398fa8-0e26-4840-81b2-633fa86d242c",
        "beforeHooks": [],
        "afterHooks": [],
        "fullFile": "/Users/twer/Documents/Work/Peacock/api-testing/test/test_env.js",
        "passes": [
          {
            "title": "Visit https://github.com/lemon123456/Mobile-Test-Appium-Cucumber-Ruby",
            "fullTitle": "Test Demo. Visit https://github.com/lemon123456/Mobile-Test-Appium-Cucumber-Ruby",
            "timedOut": false,
            "duration": 2005,
            "state": "passed",
            "speed": "slow",
            "pass": true,
            "fail": false,
            "pending": false,
            "code": "request\n    .get('')\n    .expect(200)\n    .end(done);",
            "err": {},
            "isRoot": false,
            "uuid": "24959a5a-be81-4abe-8936-b1a3c74e21a3",
            "parentUUID": "37398fa8-0e26-4840-81b2-633fa86d242c",
            "isHook": false,
            "skipped": false
          }
        ],
        "failures": [],
        "skipped": [],
        "hasBeforeHooks": false,
        "hasAfterHooks": false,
        "hasTests": true,
        "hasSuites": false,
        "totalTests": 1,
        "totalPasses": 1,
        "totalFailures": 0,
        "totalPending": 0,
        "totalSkipped": 0,
        "hasPasses": true,
        "hasFailures": false,
        "hasPending": false,
        "hasSkipped": false,
        "duration": 2005,
        "rootEmpty": false
      }
    ],
    "tests": [],
    "pending": [],
    "root": true,
    "_timeout": 2000,
    "uuid": "094173e4-5b9b-47b0-bd7b-2110ac485187",
    "beforeHooks": [],
    "afterHooks": [],
    "fullFile": "",
    "file": "",
    "passes": [],
    "failures": [],
    "skipped": [],
    "hasBeforeHooks": false,
    "hasAfterHooks": false,
    "hasTests": false,
    "hasSuites": true,
    "totalTests": 0,
    "totalPasses": 0,
    "totalFailures": 0,
    "totalPending": 0,
    "totalSkipped": 0,
    "hasPasses": false,
    "hasFailures": false,
    "hasPending": false,
    "hasSkipped": false,
    "duration": 0,
    "rootEmpty": true
  },
  "allTests": [
    {
      "title": "Should get a response",
      "fullTitle": "This is a test demo Should get a response",
      "timedOut": false,
      "duration": 627,
      "state": "passed",
      "speed": "slow",
      "pass": true,
      "fail": false,
      "pending": false,
      "code": "request\n    .get('/postcodes/' + \"SW1A 1AA\")\n    .end(function(err, res){\n        expect(res.status).to.equal(200);\n        expect(res.body.result.postcode).to.equal(\"SW1A 1AA\");\n        done();\n    });",
      "err": {},
      "isRoot": false,
      "uuid": "10711a8d-da56-4e45-acdc-eb5b0e93f696",
      "parentUUID": "37267a9b-9c12-42d0-b4d6-01745ebcb8f8",
      "isHook": false,
      "skipped": false
    },
    {
      "title": "Visit https://github.com/lemon123456/Mobile-Test-Appium-Cucumber-Ruby",
      "fullTitle": "Test Demo. Visit https://github.com/lemon123456/Mobile-Test-Appium-Cucumber-Ruby",
      "timedOut": false,
      "duration": 2005,
      "state": "passed",
      "speed": "slow",
      "pass": true,
      "fail": false,
      "pending": false,
      "code": "request\n    .get('')\n    .expect(200)\n    .end(done);",
      "err": {},
      "isRoot": false,
      "uuid": "24959a5a-be81-4abe-8936-b1a3c74e21a3",
      "parentUUID": "37398fa8-0e26-4840-81b2-633fa86d242c",
      "isHook": false,
      "skipped": false
    }
  ],
  "allPending": [],
  "allPasses": [
    {
      "title": "Should get a response",
      "fullTitle": "This is a test demo Should get a response",
      "timedOut": false,
      "duration": 627,
      "state": "passed",
      "speed": "slow",
      "pass": true,
      "fail": false,
      "pending": false,
      "code": "request\n    .get('/postcodes/' + \"SW1A 1AA\")\n    .end(function(err, res){\n        expect(res.status).to.equal(200);\n        expect(res.body.result.postcode).to.equal(\"SW1A 1AA\");\n        done();\n    });",
      "err": {},
      "isRoot": false,
      "uuid": "10711a8d-da56-4e45-acdc-eb5b0e93f696",
      "parentUUID": "37267a9b-9c12-42d0-b4d6-01745ebcb8f8",
      "isHook": false,
      "skipped": false
    },
    {
      "title": "Visit https://github.com/lemon123456/Mobile-Test-Appium-Cucumber-Ruby",
      "fullTitle": "Test Demo. Visit https://github.com/lemon123456/Mobile-Test-Appium-Cucumber-Ruby",
      "timedOut": false,
      "duration": 2005,
      "state": "passed",
      "speed": "slow",
      "pass": true,
      "fail": false,
      "pending": false,
      "code": "request\n    .get('')\n    .expect(200)\n    .end(done);",
      "err": {},
      "isRoot": false,
      "uuid": "24959a5a-be81-4abe-8936-b1a3c74e21a3",
      "parentUUID": "37398fa8-0e26-4840-81b2-633fa86d242c",
      "isHook": false,
      "skipped": false
    }
  ],
  "allFailures": [],
  "copyrightYear": 2017
}