{
  "stats": {
    "suites": 2,
    "tests": 2,
    "passes": 2,
    "pending": 0,
    "failures": 0,
    "start": "2017-10-13T03:52:49.351Z",
    "end": "2017-10-13T03:52:51.951Z",
    "duration": 2600,
    "testsRegistered": 2,
    "passPercent": 100,
    "pendingPercent": 0,
    "other": 0,
    "hasOther": false,
    "skipped": 0,
    "hasSkipped": false,
    "passPercentClass": "success",
    "pendingPercentClass": "danger"
  },
  "suites": {
    "title": "",
    "suites": [
      {
        "title": "This is a test demo",
        "suites": [],
        "tests": [
          {
            "title": "Should get a response",
            "fullTitle": "This is a test demo Should get a response",
            "timedOut": false,
            "duration": 613,
            "state": "passed",
            "speed": "slow",
            "pass": true,
            "fail": false,
            "pending": false,
            "code": "request\n    .get('/postcodes/' + \"SW1A 1AA\")\n    .end(function(err, res){\n        expect(res.status).to.equal(200);\n        expect(res.body.result.postcode).to.equal(\"SW1A 1AA\");\n        done();\n    });",
            "err": {},
            "isRoot": false,
            "uuid": "0f118314-ca7b-463c-a98c-19efd627cd2e",
            "parentUUID": "6723030c-88aa-4c19-a95b-237647091a1e",
            "isHook": false,
            "skipped": false
          }
        ],
        "pending": [],
        "root": false,
        "_timeout": 2000,
        "file": "/test/test_demo.js",
        "uuid": "6723030c-88aa-4c19-a95b-237647091a1e",
        "beforeHooks": [],
        "afterHooks": [],
        "fullFile": "/Users/twer/Documents/Work/Peacock/api-testing/test/test_demo.js",
        "passes": [
          {
            "title": "Should get a response",
            "fullTitle": "This is a test demo Should get a response",
            "timedOut": false,
            "duration": 613,
            "state": "passed",
            "speed": "slow",
            "pass": true,
            "fail": false,
            "pending": false,
            "code": "request\n    .get('/postcodes/' + \"SW1A 1AA\")\n    .end(function(err, res){\n        expect(res.status).to.equal(200);\n        expect(res.body.result.postcode).to.equal(\"SW1A 1AA\");\n        done();\n    });",
            "err": {},
            "isRoot": false,
            "uuid": "0f118314-ca7b-463c-a98c-19efd627cd2e",
            "parentUUID": "6723030c-88aa-4c19-a95b-237647091a1e",
            "isHook": false,
            "skipped": false
          }
        ],
        "failures": [],
        "skipped": [],
        "hasBeforeHooks": false,
        "hasAfterHooks": false,
        "hasTests": true,
        "hasSuites": false,
        "totalTests": 1,
        "totalPasses": 1,
        "totalFailures": 0,
        "totalPending": 0,
        "totalSkipped": 0,
        "hasPasses": true,
        "hasFailures": false,
        "hasPending": false,
        "hasSkipped": false,
        "duration": 613,
        "rootEmpty": false
      },
      {
        "title": "Test Demo.",
        "suites": [],
        "tests": [
          {
            "title": "Visit https://github.com/lemon123456/Mobile-Test-Appium-Cucumber-Ruby",
            "fullTitle": "Test Demo. Visit https://github.com/lemon123456/Mobile-Test-Appium-Cucumber-Ruby",
            "timedOut": false,
            "duration": 1981,
            "state": "passed",
            "speed": "slow",
            "pass": true,
            "fail": false,
            "pending": false,
            "code": "request\n    .get('')\n    .expect(200)\n    .end(done);",
            "err": {},
            "isRoot": false,
            "uuid": "a8458839-5ce6-4bbd-84a9-cfed1583108c",
            "parentUUID": "de7823f2-711d-4405-a6e5-7b370fcec09e",
            "isHook": false,
            "skipped": false
          }
        ],
        "pending": [],
        "root": false,
        "_timeout": 10000,
        "file": "/test/test_env.js",
        "uuid": "de7823f2-711d-4405-a6e5-7b370fcec09e",
        "beforeHooks": [],
        "afterHooks": [],
        "fullFile": "/Users/twer/Documents/Work/Peacock/api-testing/test/test_env.js",
        "passes": [
          {
            "title": "Visit https://github.com/lemon123456/Mobile-Test-Appium-Cucumber-Ruby",
            "fullTitle": "Test Demo. Visit https://github.com/lemon123456/Mobile-Test-Appium-Cucumber-Ruby",
            "timedOut": false,
            "duration": 1981,
            "state": "passed",
            "speed": "slow",
            "pass": true,
            "fail": false,
            "pending": false,
            "code": "request\n    .get('')\n    .expect(200)\n    .end(done);",
            "err": {},
            "isRoot": false,
            "uuid": "a8458839-5ce6-4bbd-84a9-cfed1583108c",
            "parentUUID": "de7823f2-711d-4405-a6e5-7b370fcec09e",
            "isHook": false,
            "skipped": false
          }
        ],
        "failures": [],
        "skipped": [],
        "hasBeforeHooks": false,
        "hasAfterHooks": false,
        "hasTests": true,
        "hasSuites": false,
        "totalTests": 1,
        "totalPasses": 1,
        "totalFailures": 0,
        "totalPending": 0,
        "totalSkipped": 0,
        "hasPasses": true,
        "hasFailures": false,
        "hasPending": false,
        "hasSkipped": false,
        "duration": 1981,
        "rootEmpty": false
      }
    ],
    "tests": [],
    "pending": [],
    "root": true,
    "_timeout": 2000,
    "uuid": "87a12edf-b667-47ea-bc19-c63b0df000b2",
    "beforeHooks": [],
    "afterHooks": [],
    "fullFile": "",
    "file": "",
    "passes": [],
    "failures": [],
    "skipped": [],
    "hasBeforeHooks": false,
    "hasAfterHooks": false,
    "hasTests": false,
    "hasSuites": true,
    "totalTests": 0,
    "totalPasses": 0,
    "totalFailures": 0,
    "totalPending": 0,
    "totalSkipped": 0,
    "hasPasses": false,
    "hasFailures": false,
    "hasPending": false,
    "hasSkipped": false,
    "duration": 0,
    "rootEmpty": true
  },
  "allTests": [
    {
      "title": "Should get a response",
      "fullTitle": "This is a test demo Should get a response",
      "timedOut": false,
      "duration": 613,
      "state": "passed",
      "speed": "slow",
      "pass": true,
      "fail": false,
      "pending": false,
      "code": "request\n    .get('/postcodes/' + \"SW1A 1AA\")\n    .end(function(err, res){\n        expect(res.status).to.equal(200);\n        expect(res.body.result.postcode).to.equal(\"SW1A 1AA\");\n        done();\n    });",
      "err": {},
      "isRoot": false,
      "uuid": "0f118314-ca7b-463c-a98c-19efd627cd2e",
      "parentUUID": "6723030c-88aa-4c19-a95b-237647091a1e",
      "isHook": false,
      "skipped": false
    },
    {
      "title": "Visit https://github.com/lemon123456/Mobile-Test-Appium-Cucumber-Ruby",
      "fullTitle": "Test Demo. Visit https://github.com/lemon123456/Mobile-Test-Appium-Cucumber-Ruby",
      "timedOut": false,
      "duration": 1981,
      "state": "passed",
      "speed": "slow",
      "pass": true,
      "fail": false,
      "pending": false,
      "code": "request\n    .get('')\n    .expect(200)\n    .end(done);",
      "err": {},
      "isRoot": false,
      "uuid": "a8458839-5ce6-4bbd-84a9-cfed1583108c",
      "parentUUID": "de7823f2-711d-4405-a6e5-7b370fcec09e",
      "isHook": false,
      "skipped": false
    }
  ],
  "allPending": [],
  "allPasses": [
    {
      "title": "Should get a response",
      "fullTitle": "This is a test demo Should get a response",
      "timedOut": false,
      "duration": 613,
      "state": "passed",
      "speed": "slow",
      "pass": true,
      "fail": false,
      "pending": false,
      "code": "request\n    .get('/postcodes/' + \"SW1A 1AA\")\n    .end(function(err, res){\n        expect(res.status).to.equal(200);\n        expect(res.body.result.postcode).to.equal(\"SW1A 1AA\");\n        done();\n    });",
      "err": {},
      "isRoot": false,
      "uuid": "0f118314-ca7b-463c-a98c-19efd627cd2e",
      "parentUUID": "6723030c-88aa-4c19-a95b-237647091a1e",
      "isHook": false,
      "skipped": false
    },
    {
      "title": "Visit https://github.com/lemon123456/Mobile-Test-Appium-Cucumber-Ruby",
      "fullTitle": "Test Demo. Visit https://github.com/lemon123456/Mobile-Test-Appium-Cucumber-Ruby",
      "timedOut": false,
      "duration": 1981,
      "state": "passed",
      "speed": "slow",
      "pass": true,
      "fail": false,
      "pending": false,
      "code": "request\n    .get('')\n    .expect(200)\n    .end(done);",
      "err": {},
      "isRoot": false,
      "uuid": "a8458839-5ce6-4bbd-84a9-cfed1583108c",
      "parentUUID": "de7823f2-711d-4405-a6e5-7b370fcec09e",
      "isHook": false,
      "skipped": false
    }
  ],
  "allFailures": [],
  "copyrightYear": 2017
}